Determining if files cdio/iso9660.h exist failed with the following output:
Change Dir: /Users/martin/plex-home-theater-public/CMakeFiles/CMakeTmp

Run Build Command:/usr/local/bin/ninja cmTryCompileExec4104672157
[1/2] Building C object CMakeFiles/cmTryCompileExec4104672157.dir/CheckIncludeFiles.c.o
FAILED: /usr/bin/cc    -o CMakeFiles/cmTryCompileExec4104672157.dir/CheckIncludeFiles.c.o   -c CheckIncludeFiles.c
CheckIncludeFiles.c:2:10: fatal error: 'cdio/iso9660.h' file not found
#include <cdio/iso9660.h>
         ^
1 error generated.
ninja: build stopped: subcommand failed.

Source:
/* */
#include <cdio/iso9660.h>


int main(){return 0;}

Determining if files malloc.h exist failed with the following output:
Change Dir: /Users/martin/plex-home-theater-public/CMakeFiles/CMakeTmp

Run Build Command:/usr/local/bin/ninja cmTryCompileExec3600803891
[1/2] Building C object CMakeFiles/cmTryCompileExec3600803891.dir/CheckIncludeFiles.c.o
FAILED: /usr/bin/cc    -o CMakeFiles/cmTryCompileExec3600803891.dir/CheckIncludeFiles.c.o   -c CheckIncludeFiles.c
CheckIncludeFiles.c:2:10: fatal error: 'malloc.h' file not found
#include <malloc.h>
         ^
1 error generated.
ninja: build stopped: subcommand failed.

Source:
/* */
#include <malloc.h>


int main(){return 0;}

Determining if files ndir.h exist failed with the following output:
Change Dir: /Users/martin/plex-home-theater-public/CMakeFiles/CMakeTmp

Run Build Command:/usr/local/bin/ninja cmTryCompileExec1074890572
[1/2] Building C object CMakeFiles/cmTryCompileExec1074890572.dir/CheckIncludeFiles.c.o
FAILED: /usr/bin/cc    -o CMakeFiles/cmTryCompileExec1074890572.dir/CheckIncludeFiles.c.o   -c CheckIncludeFiles.c
CheckIncludeFiles.c:2:10: fatal error: 'ndir.h' file not found
#include <ndir.h>
         ^
1 error generated.
ninja: build stopped: subcommand failed.

Source:
/* */
#include <ndir.h>


int main(){return 0;}

Determining if files nfsc/libfs.h exist failed with the following output:
Change Dir: /Users/martin/plex-home-theater-public/CMakeFiles/CMakeTmp

Run Build Command:/usr/local/bin/ninja cmTryCompileExec3792285354
[1/2] Building C object CMakeFiles/cmTryCompileExec3792285354.dir/CheckIncludeFiles.c.o
FAILED: /usr/bin/cc    -o CMakeFiles/cmTryCompileExec3792285354.dir/CheckIncludeFiles.c.o   -c CheckIncludeFiles.c
CheckIncludeFiles.c:2:10: fatal error: 'nfsc/libfs.h' file not found
#include <nfsc/libfs.h>
         ^
1 error generated.
ninja: build stopped: subcommand failed.

Source:
/* */
#include <nfsc/libfs.h>


int main(){return 0;}

Determining if files sys/ndir.h exist failed with the following output:
Change Dir: /Users/martin/plex-home-theater-public/CMakeFiles/CMakeTmp

Run Build Command:/usr/local/bin/ninja cmTryCompileExec2046416531
[1/2] Building C object CMakeFiles/cmTryCompileExec2046416531.dir/CheckIncludeFiles.c.o
FAILED: /usr/bin/cc    -o CMakeFiles/cmTryCompileExec2046416531.dir/CheckIncludeFiles.c.o   -c CheckIncludeFiles.c
CheckIncludeFiles.c:2:10: fatal error: 'sys/ndir.h' file not found
#include <sys/ndir.h>
         ^
1 error generated.
ninja: build stopped: subcommand failed.

Source:
/* */
#include <sys/ndir.h>


int main(){return 0;}

Determining if files sys/vfs.h exist failed with the following output:
Change Dir: /Users/martin/plex-home-theater-public/CMakeFiles/CMakeTmp

Run Build Command:/usr/local/bin/ninja cmTryCompileExec3478151724
[1/2] Building C object CMakeFiles/cmTryCompileExec3478151724.dir/CheckIncludeFiles.c.o
FAILED: /usr/bin/cc    -o CMakeFiles/cmTryCompileExec3478151724.dir/CheckIncludeFiles.c.o   -c CheckIncludeFiles.c
CheckIncludeFiles.c:2:10: fatal error: 'sys/vfs.h' file not found
#include <sys/vfs.h>
         ^
1 error generated.
ninja: build stopped: subcommand failed.

Source:
/* */
#include <sys/vfs.h>


int main(){return 0;}

Determining if the function _doprnt exists failed with the following output:
Change Dir: /Users/martin/plex-home-theater-public/CMakeFiles/CMakeTmp

Run Build Command:/usr/local/bin/ninja cmTryCompileExec3542152068
[1/2] Building C object CMakeFiles/cmTryCompileExec3542152068.dir/CheckFunctionExists.c.o
[2/2] Linking C executable cmTryCompileExec3542152068
FAILED: : && /usr/bin/cc  -DCHECK_FUNCTION_EXISTS=_doprnt -Wl,-search_paths_first -Wl,-headerpad_max_install_names  CMakeFiles/cmTryCompileExec3542152068.dir/CheckFunctionExists.c.o  -o cmTryCompileExec3542152068   && :
Undefined symbols for architecture x86_64:
  "__doprnt", referenced from:
      _main in CheckFunctionExists.c.o
ld: symbol(s) not found for architecture x86_64
clang: error: linker command failed with exit code 1 (use -v to see invocation)
ninja: build stopped: subcommand failed.


Determining if the function fs_stat_dev exists failed with the following output:
Change Dir: /Users/martin/plex-home-theater-public/CMakeFiles/CMakeTmp

Run Build Command:/usr/local/bin/ninja cmTryCompileExec2150225249
[1/2] Building C object CMakeFiles/cmTryCompileExec2150225249.dir/CheckFunctionExists.c.o
[2/2] Linking C executable cmTryCompileExec2150225249
FAILED: : && /usr/bin/cc  -DCHECK_FUNCTION_EXISTS=fs_stat_dev -Wl,-search_paths_first -Wl,-headerpad_max_install_names  CMakeFiles/cmTryCompileExec2150225249.dir/CheckFunctionExists.c.o  -o cmTryCompileExec2150225249   && :
Undefined symbols for architecture x86_64:
  "_fs_stat_dev", referenced from:
      _main in CheckFunctionExists.c.o
ld: symbol(s) not found for architecture x86_64
clang: error: linker command failed with exit code 1 (use -v to see invocation)
ninja: build stopped: subcommand failed.


Determining if the function inotify exists failed with the following output:
Change Dir: /Users/martin/plex-home-theater-public/CMakeFiles/CMakeTmp

Run Build Command:/usr/local/bin/ninja cmTryCompileExec4070009867
[1/2] Building C object CMakeFiles/cmTryCompileExec4070009867.dir/CheckFunctionExists.c.o
[2/2] Linking C executable cmTryCompileExec4070009867
FAILED: : && /usr/bin/cc  -DCHECK_FUNCTION_EXISTS=inotify -Wl,-search_paths_first -Wl,-headerpad_max_install_names  CMakeFiles/cmTryCompileExec4070009867.dir/CheckFunctionExists.c.o  -o cmTryCompileExec4070009867   && :
Undefined symbols for architecture x86_64:
  "_inotify", referenced from:
      _main in CheckFunctionExists.c.o
ld: symbol(s) not found for architecture x86_64
clang: error: linker command failed with exit code 1 (use -v to see invocation)
ninja: build stopped: subcommand failed.


Determining if the function sysinfo exists failed with the following output:
Change Dir: /Users/martin/plex-home-theater-public/CMakeFiles/CMakeTmp

Run Build Command:/usr/local/bin/ninja cmTryCompileExec195585017
[1/2] Building C object CMakeFiles/cmTryCompileExec195585017.dir/CheckFunctionExists.c.o
[2/2] Linking C executable cmTryCompileExec195585017
FAILED: : && /usr/bin/cc  -DCHECK_FUNCTION_EXISTS=sysinfo -Wl,-search_paths_first -Wl,-headerpad_max_install_names  CMakeFiles/cmTryCompileExec195585017.dir/CheckFunctionExists.c.o  -o cmTryCompileExec195585017   && :
Undefined symbols for architecture x86_64:
  "_sysinfo", referenced from:
      _main in CheckFunctionExists.c.o
ld: symbol(s) not found for architecture x86_64
clang: error: linker command failed with exit code 1 (use -v to see invocation)
ninja: build stopped: subcommand failed.


Performing C SOURCE FILE Test HAVE_AVFILTERBUFFERREFVIDEOPROPS_SAMPLE_ASPECT_RATIO failed with the following output:
Change Dir: /Users/martin/plex-home-theater-public/CMakeFiles/CMakeTmp

Run Build Command:/usr/local/bin/ninja cmTryCompileExec1564802671
[1/2] Building C object CMakeFiles/cmTryCompileExec1564802671.dir/src.c.o
FAILED: /usr/bin/cc   -arch x86_64 -fcolor-diagnostics -Wno-parentheses-equality -Wno-self-assign-field -mmacosx-version-min=10.6 -isysroot /Applications/Xcode.app/Contents/Developer/Platforms/MacOSX.platform/Developer/SDKs/MacOSX10.8.sdk  -DHAVE_AVFILTERBUFFERREFVIDEOPROPS_SAMPLE_ASPECT_RATIO -D__LINUX_USER__ -I/Users/martin/plex-home-theater-public/plex/Dependencies/macosx10.8_x86_64-xbmc-57ebd937/include -I/Users/martin/plex-home-theater-public/lib/ffmpeg -o CMakeFiles/cmTryCompileExec1564802671.dir/src.c.o   -c src.c
In file included from src.c:2:
In file included from /Users/martin/plex-home-theater-public/lib/ffmpeg/libavfilter/avfilter.h:25:
In file included from /Users/martin/plex-home-theater-public/lib/ffmpeg/libavutil/avutil.h:328:
/Users/martin/plex-home-theater-public/lib/ffmpeg/libavutil/common.h:39:10: fatal error: 'libavutil/avconfig.h' file not found
#include "libavutil/avconfig.h"
         ^
1 error generated.
ninja: build stopped: subcommand failed.

Source file was:

  #include <libavfilter/avfilter.h>
  int main(int argc, char *argv[])
  { 
    static AVFilterBufferRefVideoProps test;
    if(sizeof(test.sample_aspect_ratio))
      return 0;
    return 0;
  }

Performing C++ SOURCE FILE Test PIX_FMT_VDPAU_MPEG4_IN_AVUTIL failed with the following output:
Change Dir: /Users/martin/plex-home-theater-public/CMakeFiles/CMakeTmp

Run Build Command:/usr/local/bin/ninja cmTryCompileExec343761124
[1/2] Building CXX object CMakeFiles/cmTryCompileExec343761124.dir/src.cxx.o
FAILED: /usr/bin/c++    -arch x86_64 -fcolor-diagnostics -Wno-parentheses-equality -Wno-self-assign-field -mmacosx-version-min=10.6 -isysroot /Applications/Xcode.app/Contents/Developer/Platforms/MacOSX.platform/Developer/SDKs/MacOSX10.8.sdk  -DPIX_FMT_VDPAU_MPEG4_IN_AVUTIL -D__LINUX_USER__ -I/Users/martin/plex-home-theater-public/plex/Dependencies/macosx10.8_x86_64-xbmc-57ebd937/include -I/Users/martin/plex-home-theater-public/lib/ffmpeg -o CMakeFiles/cmTryCompileExec343761124.dir/src.cxx.o -c src.cxx
In file included from src.cxx:2:
/Users/martin/plex-home-theater-public/lib/ffmpeg/libavutil/pixfmt.h:30:10: fatal error: 'libavutil/avconfig.h' file not found
#include "libavutil/avconfig.h"
         ^
1 error generated.
ninja: build stopped: subcommand failed.

Source file was:

      #include <libavutil/pixfmt.h>
      int main() { PixelFormat format = PIX_FMT_VDPAU_MPEG4; }
Determining if the function gettext exists failed with the following output:
Change Dir: /Users/martin/plex-home-theater-public/CMakeFiles/CMakeTmp

Run Build Command:/usr/local/bin/ninja cmTryCompileExec3878038882
[1/2] Building C object CMakeFiles/cmTryCompileExec3878038882.dir/CheckFunctionExists.c.o
[2/2] Linking C executable cmTryCompileExec3878038882
FAILED: : && /usr/bin/cc  -arch x86_64 -fcolor-diagnostics -Wno-parentheses-equality -Wno-self-assign-field -mmacosx-version-min=10.6 -isysroot /Applications/Xcode.app/Contents/Developer/Platforms/MacOSX.platform/Developer/SDKs/MacOSX10.8.sdk  -DCHECK_FUNCTION_EXISTS=gettext -D__LINUX_USER__ -Wl,-search_paths_first -Wl,-headerpad_max_install_names  CMakeFiles/cmTryCompileExec3878038882.dir/CheckFunctionExists.c.o  -o cmTryCompileExec3878038882   && :
Undefined symbols for architecture x86_64:
  "_gettext", referenced from:
      _main in CheckFunctionExists.c.o
ld: symbol(s) not found for architecture x86_64
clang: error: linker command failed with exit code 1 (use -v to see invocation)
ninja: build stopped: subcommand failed.


Determining if the function iconv exists failed with the following output:
Change Dir: /Users/martin/plex-home-theater-public/CMakeFiles/CMakeTmp

Run Build Command:/usr/local/bin/ninja cmTryCompileExec3160576391
[1/2] Building C object CMakeFiles/cmTryCompileExec3160576391.dir/CheckFunctionExists.c.o
[2/2] Linking C executable cmTryCompileExec3160576391
FAILED: : && /usr/bin/cc  -arch x86_64 -fcolor-diagnostics -Wno-parentheses-equality -Wno-self-assign-field -mmacosx-version-min=10.6 -isysroot /Applications/Xcode.app/Contents/Developer/Platforms/MacOSX.platform/Developer/SDKs/MacOSX10.8.sdk  -DCHECK_FUNCTION_EXISTS=iconv -D__LINUX_USER__ -Wl,-search_paths_first -Wl,-headerpad_max_install_names  CMakeFiles/cmTryCompileExec3160576391.dir/CheckFunctionExists.c.o  -o cmTryCompileExec3160576391   && :
Undefined symbols for architecture x86_64:
  "_iconv", referenced from:
      _main in CheckFunctionExists.c.o
ld: symbol(s) not found for architecture x86_64
clang: error: linker command failed with exit code 1 (use -v to see invocation)
ninja: build stopped: subcommand failed.


